<?xml version="1.0" encoding="UTF-8"?>
<!-- Generated by org.testng.reporters.JUnitReportReporter -->
<testsuite hostname="Ankit-ka-Mini.lan" failures="0" tests="1" name="AdminPortal.ErrorMessageInvalidCredentials" time="14.285" errors="0" timestamp="2024-07-03T19:32:23 IST" skipped="0">
  <testcase classname="AdminPortal.ErrorMessageInvalidCredentials" name="testErrorMessageInvalidCredentials" time="14.285"/>
  <system-out/>
</testsuite> <!-- AdminPortal.ErrorMessageInvalidCredentials -->
