<?xml version="1.0" encoding="UTF-8"?>
<!-- Generated by org.testng.reporters.JUnitReportReporter -->
<testsuite hostname="Ankit-ka-Mini.lan" failures="0" tests="1" name="AdminPortal.NavigatingToEntityMaster" time="22.471" errors="0" timestamp="2024-07-03T19:46:41 IST" skipped="0">
  <testcase classname="AdminPortal.NavigatingToEntityMaster" name="navigateToEntityMaster" time="22.471"/>
  <system-out/>
</testsuite> <!-- AdminPortal.NavigatingToEntityMaster -->
