<?xml version="1.0" encoding="UTF-8"?>
<!-- Generated by org.testng.reporters.JUnitReportReporter -->
<testsuite hostname="Ankit-ka-Mini.lan" failures="0" tests="1" name="BudsLogin.Login_Deposit_Taker" time="100.465" errors="0" timestamp="2024-07-04T11:45:09 IST" skipped="0">
  <testcase classname="BudsLogin.Login_Deposit_Taker" name="loginApplication" time="100.465"/>
  <system-out/>
</testsuite> <!-- BudsLogin.Login_Deposit_Taker -->
