<?xml version="1.0" encoding="UTF-8"?>
<!-- Generated by org.testng.reporters.JUnitReportReporter -->
<testsuite hostname="Ankit-ka-Mini.lan" failures="0" tests="1" name="AdminPortal.ErrorMessageEmptyEmail" time="22.725" errors="0" timestamp="2024-07-03T18:28:40 IST" skipped="0">
  <testcase classname="AdminPortal.ErrorMessageEmptyEmail" name="testErrorMessages" time="22.725"/>
  <system-out/>
</testsuite> <!-- AdminPortal.ErrorMessageEmptyEmail -->
