<?xml version="1.0" encoding="UTF-8"?>
<!-- Generated by org.testng.reporters.JUnitReportReporter -->
<testsuite hostname="Ankit-ka-Mini.lan" failures="0" tests="1" name="AdminPortal.MyTaskRegulatorApproveDocument" time="23.007" errors="0" timestamp="2024-07-03T19:00:19 IST" skipped="0">
  <testcase classname="AdminPortal.MyTaskRegulatorApproveDocument" name="testRegulatorDocumentApproval" time="23.007"/>
  <system-out/>
</testsuite> <!-- AdminPortal.MyTaskRegulatorApproveDocument -->
