<?xml version="1.0" encoding="UTF-8"?>
<!-- Generated by org.testng.reporters.JUnitReportReporter -->
<testsuite hostname="Ankit-ka-Mini.lan" failures="0" tests="1" name="AdminPortal.NavigatingtoMyTask" time="17.812" errors="0" timestamp="2024-07-03T19:50:01 IST" skipped="0">
  <testcase classname="AdminPortal.NavigatingtoMyTask" name="navigateToMyTask" time="17.812"/>
  <system-out/>
</testsuite> <!-- AdminPortal.NavigatingtoMyTask -->
