<?xml version="1.0" encoding="UTF-8"?>
<!-- Generated by org.testng.reporters.JUnitReportReporter -->
<testsuite hostname="Ankit-ka-Mini.lan" failures="0" tests="1" name="AdminPortal.NavigationToUserManagement" time="19.172" errors="0" timestamp="2024-07-03T20:34:32 IST" skipped="0">
  <testcase classname="AdminPortal.NavigationToUserManagement" name="testNavigateToCMS" time="19.172"/>
  <system-out/>
</testsuite> <!-- AdminPortal.NavigationToUserManagement -->
