<?xml version="1.0" encoding="UTF-8"?>
<!-- Generated by org.testng.reporters.JUnitReportReporter -->
<testsuite hostname="Ankit-ka-Mini.lan" failures="0" tests="1" name="AdminPortal.ErrorMessageWithoutUploadDSC" time="19.389" errors="0" timestamp="2024-07-03T17:53:54 IST" skipped="0">
  <testcase classname="AdminPortal.ErrorMessageWithoutUploadDSC" name="testErrorMessageWithoutUploadDSC" time="19.389"/>
  <system-out/>
</testsuite> <!-- AdminPortal.ErrorMessageWithoutUploadDSC -->
