<?xml version="1.0" encoding="UTF-8"?>
<!-- Generated by org.testng.reporters.JUnitReportReporter -->
<testsuite hostname="Ankit-ka-Mini.lan" failures="0" tests="1" name="AdminPortal.BudAdminViewPasswordButtonFunctionality" time="18.013" errors="0" timestamp="2024-07-04T10:29:23 IST" skipped="0">
  <testcase classname="AdminPortal.BudAdminViewPasswordButtonFunctionality" name="viewPasswordFunctionalityTest" time="18.013"/>
  <system-out/>
</testsuite> <!-- AdminPortal.BudAdminViewPasswordButtonFunctionality -->
