<?xml version="1.0" encoding="UTF-8"?>
<!-- Generated by org.testng.reporters.JUnitReportReporter -->
<testsuite hostname="Ankit-ka-Mini.lan" failures="0" tests="1" name="AdminPortal.NavigationtoCMS" time="18.006" errors="0" timestamp="2024-07-03T20:33:03 IST" skipped="0">
  <testcase classname="AdminPortal.NavigationtoCMS" name="testNavigateToCMS" time="18.006"/>
  <system-out/>
</testsuite> <!-- AdminPortal.NavigationtoCMS -->
