<?xml version="1.0" encoding="UTF-8"?>
<!-- Generated by org.testng.reporters.JUnitReportReporter -->
<testsuite hostname="Ankit-ka-Mini.lan" failures="0" tests="1" name="AdminPortal.NavigatingtoMISReports" time="16.591" errors="0" timestamp="2024-07-03T19:48:44 IST" skipped="0">
  <testcase classname="AdminPortal.NavigatingtoMISReports" name="navigateToMISReports" time="16.591"/>
  <system-out/>
</testsuite> <!-- AdminPortal.NavigatingtoMISReports -->
