<?xml version="1.0" encoding="UTF-8"?>
<!-- Generated by org.testng.reporters.JUnitReportReporter -->
<testsuite hostname="Ankit-ka-Mini.lan" failures="0" tests="1" name="BudsLogin.Login_DesignatedCourt" time="94.428" errors="0" timestamp="2024-07-04T11:45:09 IST" skipped="0">
  <testcase classname="BudsLogin.Login_DesignatedCourt" name="LoginDesignatedCourt" time="94.428"/>
  <system-out/>
</testsuite> <!-- BudsLogin.Login_DesignatedCourt -->
